<?xml version="1.0" encoding="UTF-8"?>
<!-- Generated by org.testng.reporters.JUnitReportReporter -->
<testsuite hostname="PC002-SG-Kulba-A" name="tests.structurePatternTests.PageObjectPatternTests" tests="3" failures="0" timestamp="4 Dec 2019 13:56:55 GMT" time="0.235" errors="0">
  <testcase name="checkLastName" time="0.014" classname="tests.structurePatternTests.PageObjectPatternTests"/>
  <testcase name="checkTaxID" time="0.204" classname="tests.structurePatternTests.PageObjectPatternTests"/>
  <testcase name="checkFirstName" time="0.017" classname="tests.structurePatternTests.PageObjectPatternTests"/>
</testsuite> <!-- tests.structurePatternTests.PageObjectPatternTests -->
